Analysis & Synthesis report for praticaII
Fri Oct 14 17:34:09 2022
Quartus II 64-Bit Version 13.0.1 Build 232 06/12/2013 Service Pack 1 SJ Web Edition


---------------------
; Table of Contents ;
---------------------
  1. Legal Notice
  2. Analysis & Synthesis Summary
  3. Analysis & Synthesis Settings
  4. Parallel Compilation
  5. Analysis & Synthesis Source Files Read
  6. Analysis & Synthesis Resource Usage Summary
  7. Analysis & Synthesis Resource Utilization by Entity
  8. Analysis & Synthesis RAM Summary
  9. Analysis & Synthesis IP Cores Summary
 10. State Machine - |processador|fsm:Control_FSM|Tstate
 11. User-Specified and Inferred Latches
 12. Registers Removed During Synthesis
 13. General Register Statistics
 14. Multiplexer Restructuring Statistics (Restructuring Performed)
 15. Source assignments for romlpm:MEM_INSTRUCAO|altsyncram:altsyncram_component|altsyncram_em91:auto_generated
 16. Source assignments for ramlpm:MEM_DADOS|altsyncram:altsyncram_component|altsyncram_6vc1:auto_generated
 17. Parameter Settings for User Entity Instance: romlpm:MEM_INSTRUCAO|altsyncram:altsyncram_component
 18. Parameter Settings for User Entity Instance: ramlpm:MEM_DADOS|altsyncram:altsyncram_component
 19. Parameter Settings for User Entity Instance: fsm:Control_FSM
 20. altsyncram Parameter Settings by Entity Instance
 21. Port Connectivity Checks: "addr:ADDR"
 22. Port Connectivity Checks: "fsm:Control_FSM"
 23. Port Connectivity Checks: "ramlpm:MEM_DADOS"
 24. Elapsed Time Per Partition
 25. Analysis & Synthesis Messages
 26. Analysis & Synthesis Suppressed Messages



----------------
; Legal Notice ;
----------------
Copyright (C) 1991-2013 Altera Corporation
Your use of Altera Corporation's design tools, logic functions 
and other software and tools, and its AMPP partner logic 
functions, and any output files from any of the foregoing 
(including device programming or simulation files), and any 
associated documentation or information are expressly subject 
to the terms and conditions of the Altera Program License 
Subscription Agreement, Altera MegaCore Function License 
Agreement, or other applicable license agreement, including, 
without limitation, that your use is for the sole purpose of 
programming logic devices manufactured by Altera and sold by 
Altera or its authorized distributors.  Please refer to the 
applicable agreement for further details.



+--------------------------------------------------------------------------------------+
; Analysis & Synthesis Summary                                                         ;
+------------------------------------+-------------------------------------------------+
; Analysis & Synthesis Status        ; Successful - Fri Oct 14 17:34:09 2022           ;
; Quartus II 64-Bit Version          ; 13.0.1 Build 232 06/12/2013 SP 1 SJ Web Edition ;
; Revision Name                      ; praticaII                                       ;
; Top-level Entity Name              ; processador                                     ;
; Family                             ; Cyclone II                                      ;
; Total logic elements               ; 449                                             ;
;     Total combinational functions  ; 336                                             ;
;     Dedicated logic registers      ; 170                                             ;
; Total registers                    ; 170                                             ;
; Total pins                         ; 68                                              ;
; Total virtual pins                 ; 0                                               ;
; Total memory bits                  ; 4,608                                           ;
; Embedded Multiplier 9-bit elements ; 0                                               ;
; Total PLLs                         ; 0                                               ;
+------------------------------------+-------------------------------------------------+


+----------------------------------------------------------------------------------------------------------------------+
; Analysis & Synthesis Settings                                                                                        ;
+----------------------------------------------------------------------------+--------------------+--------------------+
; Option                                                                     ; Setting            ; Default Value      ;
+----------------------------------------------------------------------------+--------------------+--------------------+
; Device                                                                     ; EP2C35F672C6       ;                    ;
; Top-level entity name                                                      ; processador        ; praticaII          ;
; Family name                                                                ; Cyclone II         ; Cyclone IV GX      ;
; Use smart compilation                                                      ; Off                ; Off                ;
; Enable parallel Assembler and TimeQuest Timing Analyzer during compilation ; On                 ; On                 ;
; Enable compact report table                                                ; Off                ; Off                ;
; Restructure Multiplexers                                                   ; Auto               ; Auto               ;
; Create Debugging Nodes for IP Cores                                        ; Off                ; Off                ;
; Preserve fewer node names                                                  ; On                 ; On                 ;
; Disable OpenCore Plus hardware evaluation                                  ; Off                ; Off                ;
; Verilog Version                                                            ; Verilog_2001       ; Verilog_2001       ;
; VHDL Version                                                               ; VHDL_1993          ; VHDL_1993          ;
; State Machine Processing                                                   ; Auto               ; Auto               ;
; Safe State Machine                                                         ; Off                ; Off                ;
; Extract Verilog State Machines                                             ; On                 ; On                 ;
; Extract VHDL State Machines                                                ; On                 ; On                 ;
; Ignore Verilog initial constructs                                          ; Off                ; Off                ;
; Iteration limit for constant Verilog loops                                 ; 5000               ; 5000               ;
; Iteration limit for non-constant Verilog loops                             ; 250                ; 250                ;
; Add Pass-Through Logic to Inferred RAMs                                    ; On                 ; On                 ;
; Infer RAMs from Raw Logic                                                  ; On                 ; On                 ;
; Parallel Synthesis                                                         ; On                 ; On                 ;
; DSP Block Balancing                                                        ; Auto               ; Auto               ;
; NOT Gate Push-Back                                                         ; On                 ; On                 ;
; Power-Up Don't Care                                                        ; On                 ; On                 ;
; Remove Redundant Logic Cells                                               ; Off                ; Off                ;
; Remove Duplicate Registers                                                 ; On                 ; On                 ;
; Ignore CARRY Buffers                                                       ; Off                ; Off                ;
; Ignore CASCADE Buffers                                                     ; Off                ; Off                ;
; Ignore GLOBAL Buffers                                                      ; Off                ; Off                ;
; Ignore ROW GLOBAL Buffers                                                  ; Off                ; Off                ;
; Ignore LCELL Buffers                                                       ; Off                ; Off                ;
; Ignore SOFT Buffers                                                        ; On                 ; On                 ;
; Limit AHDL Integers to 32 Bits                                             ; Off                ; Off                ;
; Optimization Technique                                                     ; Balanced           ; Balanced           ;
; Carry Chain Length                                                         ; 70                 ; 70                 ;
; Auto Carry Chains                                                          ; On                 ; On                 ;
; Auto Open-Drain Pins                                                       ; On                 ; On                 ;
; Perform WYSIWYG Primitive Resynthesis                                      ; Off                ; Off                ;
; Auto ROM Replacement                                                       ; On                 ; On                 ;
; Auto RAM Replacement                                                       ; On                 ; On                 ;
; Auto Shift Register Replacement                                            ; Auto               ; Auto               ;
; Allow Shift Register Merging across Hierarchies                            ; Auto               ; Auto               ;
; Auto Clock Enable Replacement                                              ; On                 ; On                 ;
; Strict RAM Replacement                                                     ; Off                ; Off                ;
; Allow Synchronous Control Signals                                          ; On                 ; On                 ;
; Force Use of Synchronous Clear Signals                                     ; Off                ; Off                ;
; Auto RAM to Logic Cell Conversion                                          ; Off                ; Off                ;
; Auto Resource Sharing                                                      ; Off                ; Off                ;
; Allow Any RAM Size For Recognition                                         ; Off                ; Off                ;
; Allow Any ROM Size For Recognition                                         ; Off                ; Off                ;
; Allow Any Shift Register Size For Recognition                              ; Off                ; Off                ;
; Use LogicLock Constraints during Resource Balancing                        ; On                 ; On                 ;
; Ignore translate_off and synthesis_off directives                          ; Off                ; Off                ;
; Timing-Driven Synthesis                                                    ; Off                ; Off                ;
; Report Parameter Settings                                                  ; On                 ; On                 ;
; Report Source Assignments                                                  ; On                 ; On                 ;
; Report Connectivity Checks                                                 ; On                 ; On                 ;
; Ignore Maximum Fan-Out Assignments                                         ; Off                ; Off                ;
; Synchronization Register Chain Length                                      ; 2                  ; 2                  ;
; PowerPlay Power Optimization                                               ; Normal compilation ; Normal compilation ;
; HDL message level                                                          ; Level2             ; Level2             ;
; Suppress Register Optimization Related Messages                            ; Off                ; Off                ;
; Number of Removed Registers Reported in Synthesis Report                   ; 5000               ; 5000               ;
; Number of Swept Nodes Reported in Synthesis Report                         ; 5000               ; 5000               ;
; Number of Inverted Registers Reported in Synthesis Report                  ; 100                ; 100                ;
; Clock MUX Protection                                                       ; On                 ; On                 ;
; Auto Gated Clock Conversion                                                ; Off                ; Off                ;
; Block Design Naming                                                        ; Auto               ; Auto               ;
; SDC constraint protection                                                  ; Off                ; Off                ;
; Synthesis Effort                                                           ; Auto               ; Auto               ;
; Shift Register Replacement - Allow Asynchronous Clear Signal               ; On                 ; On                 ;
; Pre-Mapping Resynthesis Optimization                                       ; Off                ; Off                ;
; Analysis & Synthesis Message Level                                         ; Medium             ; Medium             ;
; Disable Register Merging Across Hierarchies                                ; Auto               ; Auto               ;
; Resource Aware Inference For Block RAM                                     ; On                 ; On                 ;
; Synthesis Seed                                                             ; 1                  ; 1                  ;
+----------------------------------------------------------------------------+--------------------+--------------------+


Parallel compilation was disabled, but you have multiple processors available. Enable parallel compilation to reduce compilation time.
+-------------------------------------+
; Parallel Compilation                ;
+----------------------------+--------+
; Processors                 ; Number ;
+----------------------------+--------+
; Number detected on machine ; 4      ;
; Maximum allowed            ; 1      ;
+----------------------------+--------+


+-------------------------------------------------------------------------------------------------------------------------------------------------------------------------------+
; Analysis & Synthesis Source Files Read                                                                                                                                        ;
+----------------------------------+-----------------+----------------------------------+-----------------------------------------------------------------------------+---------+
; File Name with User-Entered Path ; Used in Netlist ; File Type                        ; File Name with Absolute Path                                                ; Library ;
+----------------------------------+-----------------+----------------------------------+-----------------------------------------------------------------------------+---------+
; fsm.v                            ; yes             ; User Verilog HDL File            ; C:/Users/ryane/OneDrive/Documentos/quartus/praticaII/fsm.v                  ;         ;
; romlpm.v                         ; yes             ; User Wizard-Generated File       ; C:/Users/ryane/OneDrive/Documentos/quartus/praticaII/romlpm.v               ;         ;
; ramlpm.v                         ; yes             ; User Wizard-Generated File       ; C:/Users/ryane/OneDrive/Documentos/quartus/praticaII/ramlpm.v               ;         ;
; ir.v                             ; yes             ; User Verilog HDL File            ; C:/Users/ryane/OneDrive/Documentos/quartus/praticaII/ir.v                   ;         ;
; mux.v                            ; yes             ; User Verilog HDL File            ; C:/Users/ryane/OneDrive/Documentos/quartus/praticaII/mux.v                  ;         ;
; a.v                              ; yes             ; User Verilog HDL File            ; C:/Users/ryane/OneDrive/Documentos/quartus/praticaII/a.v                    ;         ;
; alu.v                            ; yes             ; User Verilog HDL File            ; C:/Users/ryane/OneDrive/Documentos/quartus/praticaII/alu.v                  ;         ;
; g.v                              ; yes             ; User Verilog HDL File            ; C:/Users/ryane/OneDrive/Documentos/quartus/praticaII/g.v                    ;         ;
; addr.v                           ; yes             ; User Verilog HDL File            ; C:/Users/ryane/OneDrive/Documentos/quartus/praticaII/addr.v                 ;         ;
; dout.v                           ; yes             ; User Verilog HDL File            ; C:/Users/ryane/OneDrive/Documentos/quartus/praticaII/dout.v                 ;         ;
; counter.v                        ; yes             ; User Verilog HDL File            ; C:/Users/ryane/OneDrive/Documentos/quartus/praticaII/counter.v              ;         ;
; registrador.v                    ; yes             ; User Verilog HDL File            ; C:/Users/ryane/OneDrive/Documentos/quartus/praticaII/registrador.v          ;         ;
; processador.v                    ; yes             ; User Verilog HDL File            ; C:/Users/ryane/OneDrive/Documentos/quartus/praticaII/processador.v          ;         ;
; ramlpm.mif                       ; yes             ; User Memory Initialization File  ; C:/Users/ryane/OneDrive/Documentos/quartus/praticaII/ramlpm.mif             ;         ;
; romlpm.mif                       ; yes             ; User Memory Initialization File  ; C:/Users/ryane/OneDrive/Documentos/quartus/praticaII/romlpm.mif             ;         ;
; altsyncram.tdf                   ; yes             ; Megafunction                     ; c:/altera/13.0sp1/quartus/libraries/megafunctions/altsyncram.tdf            ;         ;
; stratix_ram_block.inc            ; yes             ; Megafunction                     ; c:/altera/13.0sp1/quartus/libraries/megafunctions/stratix_ram_block.inc     ;         ;
; lpm_mux.inc                      ; yes             ; Megafunction                     ; c:/altera/13.0sp1/quartus/libraries/megafunctions/lpm_mux.inc               ;         ;
; lpm_decode.inc                   ; yes             ; Megafunction                     ; c:/altera/13.0sp1/quartus/libraries/megafunctions/lpm_decode.inc            ;         ;
; aglobal130.inc                   ; yes             ; Megafunction                     ; c:/altera/13.0sp1/quartus/libraries/megafunctions/aglobal130.inc            ;         ;
; a_rdenreg.inc                    ; yes             ; Megafunction                     ; c:/altera/13.0sp1/quartus/libraries/megafunctions/a_rdenreg.inc             ;         ;
; altrom.inc                       ; yes             ; Megafunction                     ; c:/altera/13.0sp1/quartus/libraries/megafunctions/altrom.inc                ;         ;
; altram.inc                       ; yes             ; Megafunction                     ; c:/altera/13.0sp1/quartus/libraries/megafunctions/altram.inc                ;         ;
; altdpram.inc                     ; yes             ; Megafunction                     ; c:/altera/13.0sp1/quartus/libraries/megafunctions/altdpram.inc              ;         ;
; db/altsyncram_em91.tdf           ; yes             ; Auto-Generated Megafunction      ; C:/Users/ryane/OneDrive/Documentos/quartus/praticaII/db/altsyncram_em91.tdf ;         ;
; db/altsyncram_6vc1.tdf           ; yes             ; Auto-Generated Megafunction      ; C:/Users/ryane/OneDrive/Documentos/quartus/praticaII/db/altsyncram_6vc1.tdf ;         ;
+----------------------------------+-----------------+----------------------------------+-----------------------------------------------------------------------------+---------+


+-----------------------------------------------------+
; Analysis & Synthesis Resource Usage Summary         ;
+---------------------------------------------+-------+
; Resource                                    ; Usage ;
+---------------------------------------------+-------+
; Estimated Total logic elements              ; 449   ;
;                                             ;       ;
; Total combinational functions               ; 336   ;
; Logic element usage by number of LUT inputs ;       ;
;     -- 4 input functions                    ; 172   ;
;     -- 3 input functions                    ; 125   ;
;     -- <=2 input functions                  ; 39    ;
;                                             ;       ;
; Logic elements by mode                      ;       ;
;     -- normal mode                          ; 317   ;
;     -- arithmetic mode                      ; 19    ;
;                                             ;       ;
; Total registers                             ; 170   ;
;     -- Dedicated logic registers            ; 170   ;
;     -- I/O registers                        ; 0     ;
;                                             ;       ;
; I/O pins                                    ; 68    ;
; Total memory bits                           ; 4608  ;
; Embedded Multiplier 9-bit elements          ; 0     ;
; Maximum fan-out node                        ; clock ;
; Maximum fan-out                             ; 202   ;
; Total fan-out                               ; 1956  ;
; Average fan-out                             ; 3.23  ;
+---------------------------------------------+-------+


+-------------------------------------------------------------------------------------------------------------------------------------------------------------------------------------------------------------------------------------------------------------------------+
; Analysis & Synthesis Resource Utilization by Entity                                                                                                                                                                                                                     ;
+-------------------------------------------+-------------------+--------------+-------------+--------------+---------+-----------+------+--------------+--------------------------------------------------------------------------------------------------+--------------+
; Compilation Hierarchy Node                ; LC Combinationals ; LC Registers ; Memory Bits ; DSP Elements ; DSP 9x9 ; DSP 18x18 ; Pins ; Virtual Pins ; Full Hierarchy Name                                                                              ; Library Name ;
+-------------------------------------------+-------------------+--------------+-------------+--------------+---------+-----------+------+--------------+--------------------------------------------------------------------------------------------------+--------------+
; |processador                              ; 336 (0)           ; 170 (0)      ; 4608        ; 0            ; 0       ; 0         ; 68   ; 0            ; |processador                                                                                     ; work         ;
;    |a:A|                                  ; 0 (0)             ; 16 (16)      ; 0           ; 0            ; 0       ; 0         ; 0    ; 0            ; |processador|a:A                                                                                 ; work         ;
;    |addr:ADDR|                            ; 8 (8)             ; 0 (0)        ; 0           ; 0            ; 0       ; 0         ; 0    ; 0            ; |processador|addr:ADDR                                                                           ; work         ;
;    |alu:ALU|                              ; 66 (66)           ; 0 (0)        ; 0           ; 0            ; 0       ; 0         ; 0    ; 0            ; |processador|alu:ALU                                                                             ; work         ;
;    |counter:COUNTER_R7|                   ; 9 (9)             ; 0 (0)        ; 0           ; 0            ; 0       ; 0         ; 0    ; 0            ; |processador|counter:COUNTER_R7                                                                  ; work         ;
;    |dout:DOUT|                            ; 16 (16)           ; 0 (0)        ; 0           ; 0            ; 0       ; 0         ; 0    ; 0            ; |processador|dout:DOUT                                                                           ; work         ;
;    |fsm:Control_FSM|                      ; 72 (72)           ; 26 (26)      ; 0           ; 0            ; 0       ; 0         ; 0    ; 0            ; |processador|fsm:Control_FSM                                                                     ; work         ;
;    |g:G|                                  ; 0 (0)             ; 16 (16)      ; 0           ; 0            ; 0       ; 0         ; 0    ; 0            ; |processador|g:G                                                                                 ; work         ;
;    |ir:IR|                                ; 0 (0)             ; 16 (16)      ; 0           ; 0            ; 0       ; 0         ; 0    ; 0            ; |processador|ir:IR                                                                               ; work         ;
;    |mux:MUX|                              ; 165 (165)         ; 0 (0)        ; 0           ; 0            ; 0       ; 0         ; 0    ; 0            ; |processador|mux:MUX                                                                             ; work         ;
;    |ramlpm:MEM_DADOS|                     ; 0 (0)             ; 0 (0)        ; 4096        ; 0            ; 0       ; 0         ; 0    ; 0            ; |processador|ramlpm:MEM_DADOS                                                                    ; work         ;
;       |altsyncram:altsyncram_component|   ; 0 (0)             ; 0 (0)        ; 4096        ; 0            ; 0       ; 0         ; 0    ; 0            ; |processador|ramlpm:MEM_DADOS|altsyncram:altsyncram_component                                    ; work         ;
;          |altsyncram_6vc1:auto_generated| ; 0 (0)             ; 0 (0)        ; 4096        ; 0            ; 0       ; 0         ; 0    ; 0            ; |processador|ramlpm:MEM_DADOS|altsyncram:altsyncram_component|altsyncram_6vc1:auto_generated     ; work         ;
;    |registrador:R0|                       ; 0 (0)             ; 16 (16)      ; 0           ; 0            ; 0       ; 0         ; 0    ; 0            ; |processador|registrador:R0                                                                      ; work         ;
;    |registrador:R1|                       ; 0 (0)             ; 16 (16)      ; 0           ; 0            ; 0       ; 0         ; 0    ; 0            ; |processador|registrador:R1                                                                      ; work         ;
;    |registrador:R2|                       ; 0 (0)             ; 16 (16)      ; 0           ; 0            ; 0       ; 0         ; 0    ; 0            ; |processador|registrador:R2                                                                      ; work         ;
;    |registrador:R3|                       ; 0 (0)             ; 16 (16)      ; 0           ; 0            ; 0       ; 0         ; 0    ; 0            ; |processador|registrador:R3                                                                      ; work         ;
;    |registrador:R4|                       ; 0 (0)             ; 16 (16)      ; 0           ; 0            ; 0       ; 0         ; 0    ; 0            ; |processador|registrador:R4                                                                      ; work         ;
;    |registrador:R5|                       ; 0 (0)             ; 16 (16)      ; 0           ; 0            ; 0       ; 0         ; 0    ; 0            ; |processador|registrador:R5                                                                      ; work         ;
;    |romlpm:MEM_INSTRUCAO|                 ; 0 (0)             ; 0 (0)        ; 512         ; 0            ; 0       ; 0         ; 0    ; 0            ; |processador|romlpm:MEM_INSTRUCAO                                                                ; work         ;
;       |altsyncram:altsyncram_component|   ; 0 (0)             ; 0 (0)        ; 512         ; 0            ; 0       ; 0         ; 0    ; 0            ; |processador|romlpm:MEM_INSTRUCAO|altsyncram:altsyncram_component                                ; work         ;
;          |altsyncram_em91:auto_generated| ; 0 (0)             ; 0 (0)        ; 512         ; 0            ; 0       ; 0         ; 0    ; 0            ; |processador|romlpm:MEM_INSTRUCAO|altsyncram:altsyncram_component|altsyncram_em91:auto_generated ; work         ;
+-------------------------------------------+-------------------+--------------+-------------+--------------+---------+-----------+------+--------------+--------------------------------------------------------------------------------------------------+--------------+
Note: For table entries with two numbers listed, the numbers in parentheses indicate the number of resources of the given type used by the specific entity alone. The numbers listed outside of parentheses indicate the total resources of the given type used by the specific entity and all of its sub-entities in the hierarchy.


+-----------------------------------------------------------------------------------------------------------------------------------------------------------------------------------------------------+
; Analysis & Synthesis RAM Summary                                                                                                                                                                    ;
+------------------------------------------------------------------------------------------------+------+-------------+--------------+--------------+--------------+--------------+------+------------+
; Name                                                                                           ; Type ; Mode        ; Port A Depth ; Port A Width ; Port B Depth ; Port B Width ; Size ; MIF        ;
+------------------------------------------------------------------------------------------------+------+-------------+--------------+--------------+--------------+--------------+------+------------+
; ramlpm:MEM_DADOS|altsyncram:altsyncram_component|altsyncram_6vc1:auto_generated|ALTSYNCRAM     ; AUTO ; Single Port ; 256          ; 16           ; --           ; --           ; 4096 ; ramlpm.mif ;
; romlpm:MEM_INSTRUCAO|altsyncram:altsyncram_component|altsyncram_em91:auto_generated|ALTSYNCRAM ; M4K  ; ROM         ; 32           ; 16           ; --           ; --           ; 512  ; romlpm.mif ;
+------------------------------------------------------------------------------------------------+------+-------------+--------------+--------------+--------------+--------------+------+------------+


+-------------------------------------------------------------------------------------------------------------------------------------------------------------------+
; Analysis & Synthesis IP Cores Summary                                                                                                                             ;
+--------+--------------+---------+--------------+--------------+-----------------------------------+---------------------------------------------------------------+
; Vendor ; IP Core Name ; Version ; Release Date ; License Type ; Entity Instance                   ; IP Include File                                               ;
+--------+--------------+---------+--------------+--------------+-----------------------------------+---------------------------------------------------------------+
; Altera ; RAM: 1-PORT  ; 13.0    ; N/A          ; N/A          ; |processador|ramlpm:MEM_DADOS     ; C:/Users/ryane/OneDrive/Documentos/quartus/praticaII/ramlpm.v ;
; Altera ; ROM: 1-PORT  ; 13.0    ; N/A          ; N/A          ; |processador|romlpm:MEM_INSTRUCAO ; C:/Users/ryane/OneDrive/Documentos/quartus/praticaII/romlpm.v ;
+--------+--------------+---------+--------------+--------------+-----------------------------------+---------------------------------------------------------------+


Encoding Type:  One-Hot
+-------------------------------------------------------------------------------------+
; State Machine - |processador|fsm:Control_FSM|Tstate                                 ;
+------------+-----------+-----------+-----------+-----------+-----------+------------+
; Name       ; Tstate.T5 ; Tstate.T4 ; Tstate.T3 ; Tstate.T2 ; Tstate.T1 ; Tstate.000 ;
+------------+-----------+-----------+-----------+-----------+-----------+------------+
; Tstate.000 ; 0         ; 0         ; 0         ; 0         ; 0         ; 0          ;
; Tstate.T1  ; 0         ; 0         ; 0         ; 0         ; 1         ; 1          ;
; Tstate.T2  ; 0         ; 0         ; 0         ; 1         ; 0         ; 1          ;
; Tstate.T3  ; 0         ; 0         ; 1         ; 0         ; 0         ; 1          ;
; Tstate.T4  ; 0         ; 1         ; 0         ; 0         ; 0         ; 1          ;
; Tstate.T5  ; 1         ; 0         ; 0         ; 0         ; 0         ; 1          ;
+------------+-----------+-----------+-----------+-----------+-----------+------------+


+--------------------------------------------------------------------------------------------------------+
; User-Specified and Inferred Latches                                                                    ;
+-----------------------------------------------------+-------------------------+------------------------+
; Latch Name                                          ; Latch Enable Signal     ; Free of Timing Hazards ;
+-----------------------------------------------------+-------------------------+------------------------+
; mux:MUX|buswires[0]                                 ; mux:MUX|Mux50           ; yes                    ;
; mux:MUX|buswires[1]                                 ; mux:MUX|Mux50           ; yes                    ;
; mux:MUX|buswires[2]                                 ; mux:MUX|Mux50           ; yes                    ;
; mux:MUX|buswires[3]                                 ; mux:MUX|Mux50           ; yes                    ;
; mux:MUX|buswires[4]                                 ; mux:MUX|Mux50           ; yes                    ;
; mux:MUX|buswires[5]                                 ; mux:MUX|Mux50           ; yes                    ;
; mux:MUX|buswires[6]                                 ; mux:MUX|Mux50           ; yes                    ;
; mux:MUX|buswires[7]                                 ; mux:MUX|Mux50           ; yes                    ;
; mux:MUX|buswires[8]                                 ; mux:MUX|Mux50           ; yes                    ;
; mux:MUX|buswires[9]                                 ; mux:MUX|Mux50           ; yes                    ;
; mux:MUX|buswires[10]                                ; mux:MUX|Mux50           ; yes                    ;
; mux:MUX|buswires[11]                                ; mux:MUX|Mux50           ; yes                    ;
; mux:MUX|buswires[12]                                ; mux:MUX|Mux50           ; yes                    ;
; mux:MUX|buswires[13]                                ; mux:MUX|Mux50           ; yes                    ;
; mux:MUX|buswires[14]                                ; mux:MUX|Mux50           ; yes                    ;
; mux:MUX|buswires[15]                                ; mux:MUX|Mux50           ; yes                    ;
; counter:COUNTER_R7|r7[0]                            ; fsm:Control_FSM|pc_inc  ; yes                    ;
; counter:COUNTER_R7|r7[1]                            ; fsm:Control_FSM|pc_inc  ; yes                    ;
; counter:COUNTER_R7|r7[2]                            ; fsm:Control_FSM|pc_inc  ; yes                    ;
; counter:COUNTER_R7|r7[3]                            ; fsm:Control_FSM|pc_inc  ; yes                    ;
; counter:COUNTER_R7|r7[4]                            ; fsm:Control_FSM|pc_inc  ; yes                    ;
; dout:DOUT|dout_reg[0]                               ; fsm:Control_FSM|dout_in ; yes                    ;
; addr:ADDR|reg_addr[0]                               ; fsm:Control_FSM|addr_in ; yes                    ;
; addr:ADDR|reg_addr[1]                               ; fsm:Control_FSM|addr_in ; yes                    ;
; addr:ADDR|reg_addr[2]                               ; fsm:Control_FSM|addr_in ; yes                    ;
; addr:ADDR|reg_addr[3]                               ; fsm:Control_FSM|addr_in ; yes                    ;
; addr:ADDR|reg_addr[4]                               ; fsm:Control_FSM|addr_in ; yes                    ;
; addr:ADDR|reg_addr[5]                               ; fsm:Control_FSM|addr_in ; yes                    ;
; addr:ADDR|reg_addr[6]                               ; fsm:Control_FSM|addr_in ; yes                    ;
; addr:ADDR|reg_addr[7]                               ; fsm:Control_FSM|addr_in ; yes                    ;
; alu:ALU|reg_alu[0]                                  ; alu:ALU|Mux16           ; yes                    ;
; dout:DOUT|dout_reg[1]                               ; fsm:Control_FSM|dout_in ; yes                    ;
; alu:ALU|reg_alu[1]                                  ; alu:ALU|Mux16           ; yes                    ;
; dout:DOUT|dout_reg[2]                               ; fsm:Control_FSM|dout_in ; yes                    ;
; alu:ALU|reg_alu[2]                                  ; alu:ALU|Mux16           ; yes                    ;
; dout:DOUT|dout_reg[3]                               ; fsm:Control_FSM|dout_in ; yes                    ;
; alu:ALU|reg_alu[3]                                  ; alu:ALU|Mux16           ; yes                    ;
; dout:DOUT|dout_reg[4]                               ; fsm:Control_FSM|dout_in ; yes                    ;
; alu:ALU|reg_alu[4]                                  ; alu:ALU|Mux16           ; yes                    ;
; alu:ALU|reg_alu[5]                                  ; alu:ALU|Mux16           ; yes                    ;
; dout:DOUT|dout_reg[5]                               ; fsm:Control_FSM|dout_in ; yes                    ;
; alu:ALU|reg_alu[6]                                  ; alu:ALU|Mux16           ; yes                    ;
; dout:DOUT|dout_reg[6]                               ; fsm:Control_FSM|dout_in ; yes                    ;
; alu:ALU|reg_alu[7]                                  ; alu:ALU|Mux16           ; yes                    ;
; dout:DOUT|dout_reg[7]                               ; fsm:Control_FSM|dout_in ; yes                    ;
; alu:ALU|reg_alu[8]                                  ; alu:ALU|Mux16           ; yes                    ;
; dout:DOUT|dout_reg[8]                               ; fsm:Control_FSM|dout_in ; yes                    ;
; alu:ALU|reg_alu[9]                                  ; alu:ALU|Mux16           ; yes                    ;
; dout:DOUT|dout_reg[9]                               ; fsm:Control_FSM|dout_in ; yes                    ;
; alu:ALU|reg_alu[10]                                 ; alu:ALU|Mux16           ; yes                    ;
; dout:DOUT|dout_reg[10]                              ; fsm:Control_FSM|dout_in ; yes                    ;
; alu:ALU|reg_alu[11]                                 ; alu:ALU|Mux16           ; yes                    ;
; dout:DOUT|dout_reg[11]                              ; fsm:Control_FSM|dout_in ; yes                    ;
; alu:ALU|reg_alu[12]                                 ; alu:ALU|Mux16           ; yes                    ;
; dout:DOUT|dout_reg[12]                              ; fsm:Control_FSM|dout_in ; yes                    ;
; alu:ALU|reg_alu[13]                                 ; alu:ALU|Mux16           ; yes                    ;
; dout:DOUT|dout_reg[13]                              ; fsm:Control_FSM|dout_in ; yes                    ;
; alu:ALU|reg_alu[14]                                 ; alu:ALU|Mux16           ; yes                    ;
; dout:DOUT|dout_reg[14]                              ; fsm:Control_FSM|dout_in ; yes                    ;
; alu:ALU|reg_alu[15]                                 ; alu:ALU|Mux16           ; yes                    ;
; dout:DOUT|dout_reg[15]                              ; fsm:Control_FSM|dout_in ; yes                    ;
; Number of user-specified and inferred latches = 61  ;                         ;                        ;
+-----------------------------------------------------+-------------------------+------------------------+
Note: All latches listed above may not be present at the end of synthesis due to various synthesis optimizations.


+---------------------------------------------------------------------------------+
; Registers Removed During Synthesis                                              ;
+----------------------------------------+----------------------------------------+
; Register name                          ; Reason for Removal                     ;
+----------------------------------------+----------------------------------------+
; fsm:Control_FSM|pc_in                  ; Stuck at GND due to stuck port data_in ;
; ir:IR|reg_rx[3]                        ; Stuck at GND due to stuck port data_in ;
; ir:IR|reg_ir[9..15]                    ; Stuck at GND due to stuck port data_in ;
; fsm:Control_FSM|Tstate~8               ; Lost fanout                            ;
; fsm:Control_FSM|Tstate~9               ; Lost fanout                            ;
; fsm:Control_FSM|Tstate~10              ; Lost fanout                            ;
; Total Number of Removed Registers = 12 ;                                        ;
+----------------------------------------+----------------------------------------+


+------------------------------------------------------+
; General Register Statistics                          ;
+----------------------------------------------+-------+
; Statistic                                    ; Value ;
+----------------------------------------------+-------+
; Total registers                              ; 170   ;
; Number of registers using Synchronous Clear  ; 0     ;
; Number of registers using Synchronous Load   ; 0     ;
; Number of registers using Asynchronous Clear ; 0     ;
; Number of registers using Asynchronous Load  ; 0     ;
; Number of registers using Clock Enable       ; 139   ;
; Number of registers using Preset             ; 0     ;
+----------------------------------------------+-------+


+---------------------------------------------------------------------------------------------------------------------------------------------------+
; Multiplexer Restructuring Statistics (Restructuring Performed)                                                                                    ;
+--------------------+-----------+---------------+----------------------+------------------------+------------+-------------------------------------+
; Multiplexer Inputs ; Bus Width ; Baseline Area ; Area if Restructured ; Saving if Restructured ; Registered ; Example Multiplexer Output          ;
+--------------------+-----------+---------------+----------------------+------------------------+------------+-------------------------------------+
; 8:1                ; 2 bits    ; 10 LEs        ; 4 LEs                ; 6 LEs                  ; Yes        ; |processador|fsm:Control_FSM|ula[1] ;
; 3:1                ; 16 bits   ; 32 LEs        ; 16 LEs               ; 16 LEs                 ; No         ; |processador|alu:ALU|Mux15          ;
; 24:1               ; 7 bits    ; 112 LEs       ; 35 LEs               ; 77 LEs                 ; No         ; |processador|mux:MUX|Mux42          ;
; 24:1               ; 4 bits    ; 64 LEs        ; 24 LEs               ; 40 LEs                 ; No         ; |processador|mux:MUX|Mux24          ;
; 24:1               ; 5 bits    ; 80 LEs        ; 30 LEs               ; 50 LEs                 ; No         ; |processador|mux:MUX|Mux9           ;
+--------------------+-----------+---------------+----------------------+------------------------+------------+-------------------------------------+


+------------------------------------------------------------------------------------------------------------+
; Source assignments for romlpm:MEM_INSTRUCAO|altsyncram:altsyncram_component|altsyncram_em91:auto_generated ;
+---------------------------------+--------------------+------+----------------------------------------------+
; Assignment                      ; Value              ; From ; To                                           ;
+---------------------------------+--------------------+------+----------------------------------------------+
; OPTIMIZE_POWER_DURING_SYNTHESIS ; NORMAL_COMPILATION ; -    ; -                                            ;
+---------------------------------+--------------------+------+----------------------------------------------+


+--------------------------------------------------------------------------------------------------------+
; Source assignments for ramlpm:MEM_DADOS|altsyncram:altsyncram_component|altsyncram_6vc1:auto_generated ;
+---------------------------------+--------------------+------+------------------------------------------+
; Assignment                      ; Value              ; From ; To                                       ;
+---------------------------------+--------------------+------+------------------------------------------+
; OPTIMIZE_POWER_DURING_SYNTHESIS ; NORMAL_COMPILATION ; -    ; -                                        ;
+---------------------------------+--------------------+------+------------------------------------------+


+---------------------------------------------------------------------------------------------------+
; Parameter Settings for User Entity Instance: romlpm:MEM_INSTRUCAO|altsyncram:altsyncram_component ;
+------------------------------------+----------------------+---------------------------------------+
; Parameter Name                     ; Value                ; Type                                  ;
+------------------------------------+----------------------+---------------------------------------+
; BYTE_SIZE_BLOCK                    ; 8                    ; Untyped                               ;
; AUTO_CARRY_CHAINS                  ; ON                   ; AUTO_CARRY                            ;
; IGNORE_CARRY_BUFFERS               ; OFF                  ; IGNORE_CARRY                          ;
; AUTO_CASCADE_CHAINS                ; ON                   ; AUTO_CASCADE                          ;
; IGNORE_CASCADE_BUFFERS             ; OFF                  ; IGNORE_CASCADE                        ;
; WIDTH_BYTEENA                      ; 1                    ; Untyped                               ;
; OPERATION_MODE                     ; ROM                  ; Untyped                               ;
; WIDTH_A                            ; 16                   ; Signed Integer                        ;
; WIDTHAD_A                          ; 5                    ; Signed Integer                        ;
; NUMWORDS_A                         ; 32                   ; Signed Integer                        ;
; OUTDATA_REG_A                      ; UNREGISTERED         ; Untyped                               ;
; ADDRESS_ACLR_A                     ; NONE                 ; Untyped                               ;
; OUTDATA_ACLR_A                     ; NONE                 ; Untyped                               ;
; WRCONTROL_ACLR_A                   ; NONE                 ; Untyped                               ;
; INDATA_ACLR_A                      ; NONE                 ; Untyped                               ;
; BYTEENA_ACLR_A                     ; NONE                 ; Untyped                               ;
; WIDTH_B                            ; 1                    ; Untyped                               ;
; WIDTHAD_B                          ; 1                    ; Untyped                               ;
; NUMWORDS_B                         ; 1                    ; Untyped                               ;
; INDATA_REG_B                       ; CLOCK1               ; Untyped                               ;
; WRCONTROL_WRADDRESS_REG_B          ; CLOCK1               ; Untyped                               ;
; RDCONTROL_REG_B                    ; CLOCK1               ; Untyped                               ;
; ADDRESS_REG_B                      ; CLOCK1               ; Untyped                               ;
; OUTDATA_REG_B                      ; UNREGISTERED         ; Untyped                               ;
; BYTEENA_REG_B                      ; CLOCK1               ; Untyped                               ;
; INDATA_ACLR_B                      ; NONE                 ; Untyped                               ;
; WRCONTROL_ACLR_B                   ; NONE                 ; Untyped                               ;
; ADDRESS_ACLR_B                     ; NONE                 ; Untyped                               ;
; OUTDATA_ACLR_B                     ; NONE                 ; Untyped                               ;
; RDCONTROL_ACLR_B                   ; NONE                 ; Untyped                               ;
; BYTEENA_ACLR_B                     ; NONE                 ; Untyped                               ;
; WIDTH_BYTEENA_A                    ; 1                    ; Signed Integer                        ;
; WIDTH_BYTEENA_B                    ; 1                    ; Untyped                               ;
; RAM_BLOCK_TYPE                     ; M4K                  ; Untyped                               ;
; BYTE_SIZE                          ; 8                    ; Untyped                               ;
; READ_DURING_WRITE_MODE_MIXED_PORTS ; DONT_CARE            ; Untyped                               ;
; READ_DURING_WRITE_MODE_PORT_A      ; NEW_DATA_NO_NBE_READ ; Untyped                               ;
; READ_DURING_WRITE_MODE_PORT_B      ; NEW_DATA_NO_NBE_READ ; Untyped                               ;
; INIT_FILE                          ; romlpm.mif           ; Untyped                               ;
; INIT_FILE_LAYOUT                   ; PORT_A               ; Untyped                               ;
; MAXIMUM_DEPTH                      ; 0                    ; Untyped                               ;
; CLOCK_ENABLE_INPUT_A               ; BYPASS               ; Untyped                               ;
; CLOCK_ENABLE_INPUT_B               ; NORMAL               ; Untyped                               ;
; CLOCK_ENABLE_OUTPUT_A              ; BYPASS               ; Untyped                               ;
; CLOCK_ENABLE_OUTPUT_B              ; NORMAL               ; Untyped                               ;
; CLOCK_ENABLE_CORE_A                ; USE_INPUT_CLKEN      ; Untyped                               ;
; CLOCK_ENABLE_CORE_B                ; USE_INPUT_CLKEN      ; Untyped                               ;
; ENABLE_ECC                         ; FALSE                ; Untyped                               ;
; ECC_PIPELINE_STAGE_ENABLED         ; FALSE                ; Untyped                               ;
; WIDTH_ECCSTATUS                    ; 3                    ; Untyped                               ;
; DEVICE_FAMILY                      ; Cyclone II           ; Untyped                               ;
; CBXI_PARAMETER                     ; altsyncram_em91      ; Untyped                               ;
+------------------------------------+----------------------+---------------------------------------+
Note: In order to hide this table in the UI and the text report file, please set the "Show Parameter Settings in Synthesis Report" option in "Analysis and Synthesis Settings -> More Settings" to "Off".


+-----------------------------------------------------------------------------------------------+
; Parameter Settings for User Entity Instance: ramlpm:MEM_DADOS|altsyncram:altsyncram_component ;
+------------------------------------+----------------------+-----------------------------------+
; Parameter Name                     ; Value                ; Type                              ;
+------------------------------------+----------------------+-----------------------------------+
; BYTE_SIZE_BLOCK                    ; 8                    ; Untyped                           ;
; AUTO_CARRY_CHAINS                  ; ON                   ; AUTO_CARRY                        ;
; IGNORE_CARRY_BUFFERS               ; OFF                  ; IGNORE_CARRY                      ;
; AUTO_CASCADE_CHAINS                ; ON                   ; AUTO_CASCADE                      ;
; IGNORE_CASCADE_BUFFERS             ; OFF                  ; IGNORE_CASCADE                    ;
; WIDTH_BYTEENA                      ; 1                    ; Untyped                           ;
; OPERATION_MODE                     ; SINGLE_PORT          ; Untyped                           ;
; WIDTH_A                            ; 16                   ; Signed Integer                    ;
; WIDTHAD_A                          ; 8                    ; Signed Integer                    ;
; NUMWORDS_A                         ; 256                  ; Signed Integer                    ;
; OUTDATA_REG_A                      ; UNREGISTERED         ; Untyped                           ;
; ADDRESS_ACLR_A                     ; NONE                 ; Untyped                           ;
; OUTDATA_ACLR_A                     ; NONE                 ; Untyped                           ;
; WRCONTROL_ACLR_A                   ; NONE                 ; Untyped                           ;
; INDATA_ACLR_A                      ; NONE                 ; Untyped                           ;
; BYTEENA_ACLR_A                     ; NONE                 ; Untyped                           ;
; WIDTH_B                            ; 1                    ; Untyped                           ;
; WIDTHAD_B                          ; 1                    ; Untyped                           ;
; NUMWORDS_B                         ; 1                    ; Untyped                           ;
; INDATA_REG_B                       ; CLOCK1               ; Untyped                           ;
; WRCONTROL_WRADDRESS_REG_B          ; CLOCK1               ; Untyped                           ;
; RDCONTROL_REG_B                    ; CLOCK1               ; Untyped                           ;
; ADDRESS_REG_B                      ; CLOCK1               ; Untyped                           ;
; OUTDATA_REG_B                      ; UNREGISTERED         ; Untyped                           ;
; BYTEENA_REG_B                      ; CLOCK1               ; Untyped                           ;
; INDATA_ACLR_B                      ; NONE                 ; Untyped                           ;
; WRCONTROL_ACLR_B                   ; NONE                 ; Untyped                           ;
; ADDRESS_ACLR_B                     ; NONE                 ; Untyped                           ;
; OUTDATA_ACLR_B                     ; NONE                 ; Untyped                           ;
; RDCONTROL_ACLR_B                   ; NONE                 ; Untyped                           ;
; BYTEENA_ACLR_B                     ; NONE                 ; Untyped                           ;
; WIDTH_BYTEENA_A                    ; 1                    ; Signed Integer                    ;
; WIDTH_BYTEENA_B                    ; 1                    ; Untyped                           ;
; RAM_BLOCK_TYPE                     ; AUTO                 ; Untyped                           ;
; BYTE_SIZE                          ; 8                    ; Untyped                           ;
; READ_DURING_WRITE_MODE_MIXED_PORTS ; DONT_CARE            ; Untyped                           ;
; READ_DURING_WRITE_MODE_PORT_A      ; NEW_DATA_NO_NBE_READ ; Untyped                           ;
; READ_DURING_WRITE_MODE_PORT_B      ; NEW_DATA_NO_NBE_READ ; Untyped                           ;
; INIT_FILE                          ; ramlpm.mif           ; Untyped                           ;
; INIT_FILE_LAYOUT                   ; PORT_A               ; Untyped                           ;
; MAXIMUM_DEPTH                      ; 0                    ; Untyped                           ;
; CLOCK_ENABLE_INPUT_A               ; BYPASS               ; Untyped                           ;
; CLOCK_ENABLE_INPUT_B               ; NORMAL               ; Untyped                           ;
; CLOCK_ENABLE_OUTPUT_A              ; BYPASS               ; Untyped                           ;
; CLOCK_ENABLE_OUTPUT_B              ; NORMAL               ; Untyped                           ;
; CLOCK_ENABLE_CORE_A                ; USE_INPUT_CLKEN      ; Untyped                           ;
; CLOCK_ENABLE_CORE_B                ; USE_INPUT_CLKEN      ; Untyped                           ;
; ENABLE_ECC                         ; FALSE                ; Untyped                           ;
; ECC_PIPELINE_STAGE_ENABLED         ; FALSE                ; Untyped                           ;
; WIDTH_ECCSTATUS                    ; 3                    ; Untyped                           ;
; DEVICE_FAMILY                      ; Cyclone II           ; Untyped                           ;
; CBXI_PARAMETER                     ; altsyncram_6vc1      ; Untyped                           ;
+------------------------------------+----------------------+-----------------------------------+
Note: In order to hide this table in the UI and the text report file, please set the "Show Parameter Settings in Synthesis Report" option in "Analysis and Synthesis Settings -> More Settings" to "Off".


+--------------------------------------------------------------+
; Parameter Settings for User Entity Instance: fsm:Control_FSM ;
+----------------+-------+-------------------------------------+
; Parameter Name ; Value ; Type                                ;
+----------------+-------+-------------------------------------+
; T0             ; 000   ; Unsigned Binary                     ;
; T1             ; 001   ; Unsigned Binary                     ;
; T2             ; 010   ; Unsigned Binary                     ;
; T3             ; 011   ; Unsigned Binary                     ;
; T4             ; 100   ; Unsigned Binary                     ;
; T5             ; 101   ; Unsigned Binary                     ;
+----------------+-------+-------------------------------------+
Note: In order to hide this table in the UI and the text report file, please set the "Show Parameter Settings in Synthesis Report" option in "Analysis and Synthesis Settings -> More Settings" to "Off".


+--------------------------------------------------------------------------------------------------+
; altsyncram Parameter Settings by Entity Instance                                                 ;
+-------------------------------------------+------------------------------------------------------+
; Name                                      ; Value                                                ;
+-------------------------------------------+------------------------------------------------------+
; Number of entity instances                ; 2                                                    ;
; Entity Instance                           ; romlpm:MEM_INSTRUCAO|altsyncram:altsyncram_component ;
;     -- OPERATION_MODE                     ; ROM                                                  ;
;     -- WIDTH_A                            ; 16                                                   ;
;     -- NUMWORDS_A                         ; 32                                                   ;
;     -- OUTDATA_REG_A                      ; UNREGISTERED                                         ;
;     -- WIDTH_B                            ; 1                                                    ;
;     -- NUMWORDS_B                         ; 1                                                    ;
;     -- ADDRESS_REG_B                      ; CLOCK1                                               ;
;     -- OUTDATA_REG_B                      ; UNREGISTERED                                         ;
;     -- RAM_BLOCK_TYPE                     ; M4K                                                  ;
;     -- READ_DURING_WRITE_MODE_MIXED_PORTS ; DONT_CARE                                            ;
; Entity Instance                           ; ramlpm:MEM_DADOS|altsyncram:altsyncram_component     ;
;     -- OPERATION_MODE                     ; SINGLE_PORT                                          ;
;     -- WIDTH_A                            ; 16                                                   ;
;     -- NUMWORDS_A                         ; 256                                                  ;
;     -- OUTDATA_REG_A                      ; UNREGISTERED                                         ;
;     -- WIDTH_B                            ; 1                                                    ;
;     -- NUMWORDS_B                         ; 1                                                    ;
;     -- ADDRESS_REG_B                      ; CLOCK1                                               ;
;     -- OUTDATA_REG_B                      ; UNREGISTERED                                         ;
;     -- RAM_BLOCK_TYPE                     ; AUTO                                                 ;
;     -- READ_DURING_WRITE_MODE_MIXED_PORTS ; DONT_CARE                                            ;
+-------------------------------------------+------------------------------------------------------+


+-------------------------------------------------------------------------------------------------------------------------------------------------------------------------------------------------------+
; Port Connectivity Checks: "addr:ADDR"                                                                                                                                                                 ;
+----------+--------+----------+------------------------------------------------------------------------------------------------------------------------------------------------------------------------+
; Port     ; Type   ; Severity ; Details                                                                                                                                                                ;
+----------+--------+----------+------------------------------------------------------------------------------------------------------------------------------------------------------------------------+
; reg_addr ; Output ; Warning  ; Output or bidir port (8 bits) is smaller than the port expression (16 bits) it drives.  The 8 most-significant bit(s) in the port expression will be connected to GND. ;
+----------+--------+----------+------------------------------------------------------------------------------------------------------------------------------------------------------------------------+


+-----------------------------------------------------------------------------------------------------------------+
; Port Connectivity Checks: "fsm:Control_FSM"                                                                     ;
+-------+--------+----------+-------------------------------------------------------------------------------------+
; Port  ; Type   ; Severity ; Details                                                                             ;
+-------+--------+----------+-------------------------------------------------------------------------------------+
; r6_in ; Output ; Info     ; Connected to dangling logic. Logic that only feeds a dangling port will be removed. ;
; r7_in ; Output ; Info     ; Connected to dangling logic. Logic that only feeds a dangling port will be removed. ;
+-------+--------+----------+-------------------------------------------------------------------------------------+


+----------------------------------------------------------------------------------------------------------------------------------------------------------------------------------------------------------------+
; Port Connectivity Checks: "ramlpm:MEM_DADOS"                                                                                                                                                                   ;
+---------+-------+----------+-----------------------------------------------------------------------------------------------------------------------------------------------------------------------------------+
; Port    ; Type  ; Severity ; Details                                                                                                                                                                           ;
+---------+-------+----------+-----------------------------------------------------------------------------------------------------------------------------------------------------------------------------------+
; address ; Input ; Warning  ; Input port expression (16 bits) is wider than the input port (8 bits) it drives.  The 8 most-significant bit(s) in the expression will be dangling if they have no other fanouts. ;
+---------+-------+----------+-----------------------------------------------------------------------------------------------------------------------------------------------------------------------------------+


+-------------------------------+
; Elapsed Time Per Partition    ;
+----------------+--------------+
; Partition Name ; Elapsed Time ;
+----------------+--------------+
; Top            ; 00:00:02     ;
+----------------+--------------+


+-------------------------------+
; Analysis & Synthesis Messages ;
+-------------------------------+
Info: *******************************************************************
Info: Running Quartus II 64-Bit Analysis & Synthesis
    Info: Version 13.0.1 Build 232 06/12/2013 Service Pack 1 SJ Web Edition
    Info: Processing started: Fri Oct 14 17:33:57 2022
Info: Command: quartus_map --read_settings_files=on --write_settings_files=off praticaII -c praticaII
Warning (20028): Parallel compilation is not licensed and has been disabled
Info (12021): Found 1 design units, including 1 entities, in source file fsm.v
    Info (12023): Found entity 1: fsm
Info (12021): Found 1 design units, including 1 entities, in source file romlpm.v
    Info (12023): Found entity 1: romlpm
Info (12021): Found 1 design units, including 1 entities, in source file ramlpm.v
    Info (12023): Found entity 1: ramlpm
Info (12021): Found 1 design units, including 1 entities, in source file ir.v
    Info (12023): Found entity 1: ir
Warning (12090): Entity "mux" obtained from "mux.v" instead of from Quartus II megafunction library
Info (12021): Found 1 design units, including 1 entities, in source file mux.v
    Info (12023): Found entity 1: mux
Info (12021): Found 1 design units, including 1 entities, in source file a.v
    Info (12023): Found entity 1: a
Info (12021): Found 1 design units, including 1 entities, in source file alu.v
    Info (12023): Found entity 1: alu
Info (12021): Found 1 design units, including 1 entities, in source file g.v
    Info (12023): Found entity 1: g
Info (12021): Found 1 design units, including 1 entities, in source file addr.v
    Info (12023): Found entity 1: addr
Info (12021): Found 1 design units, including 1 entities, in source file dout.v
    Info (12023): Found entity 1: dout
Info (12021): Found 1 design units, including 1 entities, in source file counter.v
    Info (12023): Found entity 1: counter
Info (12021): Found 1 design units, including 1 entities, in source file registrador.v
    Info (12023): Found entity 1: registrador
Info (12021): Found 1 design units, including 1 entities, in source file processador.v
    Info (12023): Found entity 1: processador
Info (12021): Found 1 design units, including 1 entities, in source file test_bench.v
    Info (12023): Found entity 1: test_bench
Warning (10236): Verilog HDL Implicit Net warning at test_bench.v(103): created implicit net for "resetn"
Info (12127): Elaborating entity "processador" for the top level hierarchy
Info (12128): Elaborating entity "romlpm" for hierarchy "romlpm:MEM_INSTRUCAO"
Info (12128): Elaborating entity "altsyncram" for hierarchy "romlpm:MEM_INSTRUCAO|altsyncram:altsyncram_component"
Info (12130): Elaborated megafunction instantiation "romlpm:MEM_INSTRUCAO|altsyncram:altsyncram_component"
Info (12133): Instantiated megafunction "romlpm:MEM_INSTRUCAO|altsyncram:altsyncram_component" with the following parameter:
    Info (12134): Parameter "clock_enable_input_a" = "BYPASS"
    Info (12134): Parameter "clock_enable_output_a" = "BYPASS"
    Info (12134): Parameter "init_file" = "romlpm.mif"
    Info (12134): Parameter "intended_device_family" = "Cyclone II"
    Info (12134): Parameter "lpm_hint" = "ENABLE_RUNTIME_MOD=NO"
    Info (12134): Parameter "lpm_type" = "altsyncram"
    Info (12134): Parameter "numwords_a" = "32"
    Info (12134): Parameter "operation_mode" = "ROM"
    Info (12134): Parameter "outdata_aclr_a" = "NONE"
    Info (12134): Parameter "outdata_reg_a" = "UNREGISTERED"
    Info (12134): Parameter "ram_block_type" = "M4K"
    Info (12134): Parameter "widthad_a" = "5"
    Info (12134): Parameter "width_a" = "16"
    Info (12134): Parameter "width_byteena_a" = "1"
Info (12021): Found 1 design units, including 1 entities, in source file db/altsyncram_em91.tdf
    Info (12023): Found entity 1: altsyncram_em91
Info (12128): Elaborating entity "altsyncram_em91" for hierarchy "romlpm:MEM_INSTRUCAO|altsyncram:altsyncram_component|altsyncram_em91:auto_generated"
Info (12128): Elaborating entity "ramlpm" for hierarchy "ramlpm:MEM_DADOS"
Info (12128): Elaborating entity "altsyncram" for hierarchy "ramlpm:MEM_DADOS|altsyncram:altsyncram_component"
Info (12130): Elaborated megafunction instantiation "ramlpm:MEM_DADOS|altsyncram:altsyncram_component"
Info (12133): Instantiated megafunction "ramlpm:MEM_DADOS|altsyncram:altsyncram_component" with the following parameter:
    Info (12134): Parameter "clock_enable_input_a" = "BYPASS"
    Info (12134): Parameter "clock_enable_output_a" = "BYPASS"
    Info (12134): Parameter "init_file" = "ramlpm.mif"
    Info (12134): Parameter "intended_device_family" = "Cyclone II"
    Info (12134): Parameter "lpm_hint" = "ENABLE_RUNTIME_MOD=NO"
    Info (12134): Parameter "lpm_type" = "altsyncram"
    Info (12134): Parameter "numwords_a" = "256"
    Info (12134): Parameter "operation_mode" = "SINGLE_PORT"
    Info (12134): Parameter "outdata_aclr_a" = "NONE"
    Info (12134): Parameter "outdata_reg_a" = "UNREGISTERED"
    Info (12134): Parameter "power_up_uninitialized" = "FALSE"
    Info (12134): Parameter "widthad_a" = "8"
    Info (12134): Parameter "width_a" = "16"
    Info (12134): Parameter "width_byteena_a" = "1"
Info (12021): Found 1 design units, including 1 entities, in source file db/altsyncram_6vc1.tdf
    Info (12023): Found entity 1: altsyncram_6vc1
Info (12128): Elaborating entity "altsyncram_6vc1" for hierarchy "ramlpm:MEM_DADOS|altsyncram:altsyncram_component|altsyncram_6vc1:auto_generated"
Info (12128): Elaborating entity "ir" for hierarchy "ir:IR"
Info (12128): Elaborating entity "fsm" for hierarchy "fsm:Control_FSM"
Info (12128): Elaborating entity "mux" for hierarchy "mux:MUX"
Warning (10235): Verilog HDL Always Construct warning at mux.v(9): variable "reg_ir" is read inside the Always Construct but isn't in the Always Construct's Event Control
Warning (10235): Verilog HDL Always Construct warning at mux.v(10): variable "r0" is read inside the Always Construct but isn't in the Always Construct's Event Control
Warning (10235): Verilog HDL Always Construct warning at mux.v(11): variable "r1" is read inside the Always Construct but isn't in the Always Construct's Event Control
Warning (10235): Verilog HDL Always Construct warning at mux.v(12): variable "r2" is read inside the Always Construct but isn't in the Always Construct's Event Control
Warning (10235): Verilog HDL Always Construct warning at mux.v(13): variable "r3" is read inside the Always Construct but isn't in the Always Construct's Event Control
Warning (10235): Verilog HDL Always Construct warning at mux.v(14): variable "r4" is read inside the Always Construct but isn't in the Always Construct's Event Control
Warning (10235): Verilog HDL Always Construct warning at mux.v(15): variable "r5" is read inside the Always Construct but isn't in the Always Construct's Event Control
Warning (10235): Verilog HDL Always Construct warning at mux.v(16): variable "r6" is read inside the Always Construct but isn't in the Always Construct's Event Control
Warning (10235): Verilog HDL Always Construct warning at mux.v(17): variable "r7" is read inside the Always Construct but isn't in the Always Construct's Event Control
Warning (10235): Verilog HDL Always Construct warning at mux.v(18): variable "g" is read inside the Always Construct but isn't in the Always Construct's Event Control
Warning (10235): Verilog HDL Always Construct warning at mux.v(21): variable "rx" is read inside the Always Construct but isn't in the Always Construct's Event Control
Warning (10235): Verilog HDL Always Construct warning at mux.v(22): variable "r0" is read inside the Always Construct but isn't in the Always Construct's Event Control
Warning (10235): Verilog HDL Always Construct warning at mux.v(23): variable "r1" is read inside the Always Construct but isn't in the Always Construct's Event Control
Warning (10235): Verilog HDL Always Construct warning at mux.v(24): variable "r2" is read inside the Always Construct but isn't in the Always Construct's Event Control
Warning (10235): Verilog HDL Always Construct warning at mux.v(25): variable "r3" is read inside the Always Construct but isn't in the Always Construct's Event Control
Warning (10235): Verilog HDL Always Construct warning at mux.v(26): variable "r4" is read inside the Always Construct but isn't in the Always Construct's Event Control
Warning (10235): Verilog HDL Always Construct warning at mux.v(27): variable "r5" is read inside the Always Construct but isn't in the Always Construct's Event Control
Warning (10235): Verilog HDL Always Construct warning at mux.v(28): variable "r6" is read inside the Always Construct but isn't in the Always Construct's Event Control
Warning (10270): Verilog HDL Case Statement warning at mux.v(21): incomplete case statement has no default case item
Warning (10235): Verilog HDL Always Construct warning at mux.v(31): variable "ry" is read inside the Always Construct but isn't in the Always Construct's Event Control
Warning (10235): Verilog HDL Always Construct warning at mux.v(32): variable "r0" is read inside the Always Construct but isn't in the Always Construct's Event Control
Warning (10235): Verilog HDL Always Construct warning at mux.v(33): variable "r1" is read inside the Always Construct but isn't in the Always Construct's Event Control
Warning (10235): Verilog HDL Always Construct warning at mux.v(34): variable "r2" is read inside the Always Construct but isn't in the Always Construct's Event Control
Warning (10235): Verilog HDL Always Construct warning at mux.v(35): variable "r3" is read inside the Always Construct but isn't in the Always Construct's Event Control
Warning (10235): Verilog HDL Always Construct warning at mux.v(36): variable "r4" is read inside the Always Construct but isn't in the Always Construct's Event Control
Warning (10235): Verilog HDL Always Construct warning at mux.v(37): variable "r5" is read inside the Always Construct but isn't in the Always Construct's Event Control
Warning (10235): Verilog HDL Always Construct warning at mux.v(38): variable "r6" is read inside the Always Construct but isn't in the Always Construct's Event Control
Warning (10270): Verilog HDL Case Statement warning at mux.v(31): incomplete case statement has no default case item
Warning (10270): Verilog HDL Case Statement warning at mux.v(8): incomplete case statement has no default case item
Warning (10240): Verilog HDL Always Construct warning at mux.v(7): inferring latch(es) for variable "buswires", which holds its previous value in one or more paths through the always construct
Info (10041): Inferred latch for "buswires[0]" at mux.v(7)
Info (10041): Inferred latch for "buswires[1]" at mux.v(7)
Info (10041): Inferred latch for "buswires[2]" at mux.v(7)
Info (10041): Inferred latch for "buswires[3]" at mux.v(7)
Info (10041): Inferred latch for "buswires[4]" at mux.v(7)
Info (10041): Inferred latch for "buswires[5]" at mux.v(7)
Info (10041): Inferred latch for "buswires[6]" at mux.v(7)
Info (10041): Inferred latch for "buswires[7]" at mux.v(7)
Info (10041): Inferred latch for "buswires[8]" at mux.v(7)
Info (10041): Inferred latch for "buswires[9]" at mux.v(7)
Info (10041): Inferred latch for "buswires[10]" at mux.v(7)
Info (10041): Inferred latch for "buswires[11]" at mux.v(7)
Info (10041): Inferred latch for "buswires[12]" at mux.v(7)
Info (10041): Inferred latch for "buswires[13]" at mux.v(7)
Info (10041): Inferred latch for "buswires[14]" at mux.v(7)
Info (10041): Inferred latch for "buswires[15]" at mux.v(7)
Info (12128): Elaborating entity "dout" for hierarchy "dout:DOUT"
Warning (10235): Verilog HDL Always Construct warning at dout.v(8): variable "buswires" is read inside the Always Construct but isn't in the Always Construct's Event Control
Warning (10240): Verilog HDL Always Construct warning at dout.v(6): inferring latch(es) for variable "dout_reg", which holds its previous value in one or more paths through the always construct
Info (10041): Inferred latch for "dout_reg[0]" at dout.v(6)
Info (10041): Inferred latch for "dout_reg[1]" at dout.v(6)
Info (10041): Inferred latch for "dout_reg[2]" at dout.v(6)
Info (10041): Inferred latch for "dout_reg[3]" at dout.v(6)
Info (10041): Inferred latch for "dout_reg[4]" at dout.v(6)
Info (10041): Inferred latch for "dout_reg[5]" at dout.v(6)
Info (10041): Inferred latch for "dout_reg[6]" at dout.v(6)
Info (10041): Inferred latch for "dout_reg[7]" at dout.v(6)
Info (10041): Inferred latch for "dout_reg[8]" at dout.v(6)
Info (10041): Inferred latch for "dout_reg[9]" at dout.v(6)
Info (10041): Inferred latch for "dout_reg[10]" at dout.v(6)
Info (10041): Inferred latch for "dout_reg[11]" at dout.v(6)
Info (10041): Inferred latch for "dout_reg[12]" at dout.v(6)
Info (10041): Inferred latch for "dout_reg[13]" at dout.v(6)
Info (10041): Inferred latch for "dout_reg[14]" at dout.v(6)
Info (10041): Inferred latch for "dout_reg[15]" at dout.v(6)
Info (12128): Elaborating entity "addr" for hierarchy "addr:ADDR"
Warning (10235): Verilog HDL Always Construct warning at addr.v(8): variable "buswires" is read inside the Always Construct but isn't in the Always Construct's Event Control
Warning (10240): Verilog HDL Always Construct warning at addr.v(6): inferring latch(es) for variable "reg_addr", which holds its previous value in one or more paths through the always construct
Info (10041): Inferred latch for "reg_addr[0]" at addr.v(6)
Info (10041): Inferred latch for "reg_addr[1]" at addr.v(6)
Info (10041): Inferred latch for "reg_addr[2]" at addr.v(6)
Info (10041): Inferred latch for "reg_addr[3]" at addr.v(6)
Info (10041): Inferred latch for "reg_addr[4]" at addr.v(6)
Info (10041): Inferred latch for "reg_addr[5]" at addr.v(6)
Info (10041): Inferred latch for "reg_addr[6]" at addr.v(6)
Info (10041): Inferred latch for "reg_addr[7]" at addr.v(6)
Info (12128): Elaborating entity "a" for hierarchy "a:A"
Info (12128): Elaborating entity "g" for hierarchy "g:G"
Info (12128): Elaborating entity "alu" for hierarchy "alu:ALU"
Warning (10235): Verilog HDL Always Construct warning at alu.v(9): variable "reg_a" is read inside the Always Construct but isn't in the Always Construct's Event Control
Warning (10235): Verilog HDL Always Construct warning at alu.v(9): variable "buswires" is read inside the Always Construct but isn't in the Always Construct's Event Control
Warning (10235): Verilog HDL Always Construct warning at alu.v(10): variable "reg_a" is read inside the Always Construct but isn't in the Always Construct's Event Control
Warning (10235): Verilog HDL Always Construct warning at alu.v(10): variable "buswires" is read inside the Always Construct but isn't in the Always Construct's Event Control
Warning (10235): Verilog HDL Always Construct warning at alu.v(11): variable "reg_a" is read inside the Always Construct but isn't in the Always Construct's Event Control
Warning (10235): Verilog HDL Always Construct warning at alu.v(11): variable "buswires" is read inside the Always Construct but isn't in the Always Construct's Event Control
Warning (10270): Verilog HDL Case Statement warning at alu.v(8): incomplete case statement has no default case item
Warning (10240): Verilog HDL Always Construct warning at alu.v(7): inferring latch(es) for variable "reg_alu", which holds its previous value in one or more paths through the always construct
Info (10041): Inferred latch for "reg_alu[0]" at alu.v(7)
Info (10041): Inferred latch for "reg_alu[1]" at alu.v(7)
Info (10041): Inferred latch for "reg_alu[2]" at alu.v(7)
Info (10041): Inferred latch for "reg_alu[3]" at alu.v(7)
Info (10041): Inferred latch for "reg_alu[4]" at alu.v(7)
Info (10041): Inferred latch for "reg_alu[5]" at alu.v(7)
Info (10041): Inferred latch for "reg_alu[6]" at alu.v(7)
Info (10041): Inferred latch for "reg_alu[7]" at alu.v(7)
Info (10041): Inferred latch for "reg_alu[8]" at alu.v(7)
Info (10041): Inferred latch for "reg_alu[9]" at alu.v(7)
Info (10041): Inferred latch for "reg_alu[10]" at alu.v(7)
Info (10041): Inferred latch for "reg_alu[11]" at alu.v(7)
Info (10041): Inferred latch for "reg_alu[12]" at alu.v(7)
Info (10041): Inferred latch for "reg_alu[13]" at alu.v(7)
Info (10041): Inferred latch for "reg_alu[14]" at alu.v(7)
Info (10041): Inferred latch for "reg_alu[15]" at alu.v(7)
Info (12128): Elaborating entity "counter" for hierarchy "counter:COUNTER_R7"
Warning (10235): Verilog HDL Always Construct warning at counter.v(9): variable "address" is read inside the Always Construct but isn't in the Always Construct's Event Control
Warning (10230): Verilog HDL assignment warning at counter.v(9): truncated value with size 32 to match size of target (5)
Warning (10235): Verilog HDL Always Construct warning at counter.v(11): variable "buswires" is read inside the Always Construct but isn't in the Always Construct's Event Control
Warning (10240): Verilog HDL Always Construct warning at counter.v(7): inferring latch(es) for variable "r7", which holds its previous value in one or more paths through the always construct
Info (10041): Inferred latch for "r7[0]" at counter.v(7)
Info (10041): Inferred latch for "r7[1]" at counter.v(7)
Info (10041): Inferred latch for "r7[2]" at counter.v(7)
Info (10041): Inferred latch for "r7[3]" at counter.v(7)
Info (10041): Inferred latch for "r7[4]" at counter.v(7)
Info (10041): Inferred latch for "r7[5]" at counter.v(7)
Info (10041): Inferred latch for "r7[6]" at counter.v(7)
Info (10041): Inferred latch for "r7[7]" at counter.v(7)
Info (10041): Inferred latch for "r7[8]" at counter.v(7)
Info (10041): Inferred latch for "r7[9]" at counter.v(7)
Info (10041): Inferred latch for "r7[10]" at counter.v(7)
Info (10041): Inferred latch for "r7[11]" at counter.v(7)
Info (10041): Inferred latch for "r7[12]" at counter.v(7)
Info (10041): Inferred latch for "r7[13]" at counter.v(7)
Info (10041): Inferred latch for "r7[14]" at counter.v(7)
Info (10041): Inferred latch for "r7[15]" at counter.v(7)
Info (12128): Elaborating entity "registrador" for hierarchy "registrador:R0"
Warning (12011): Net is missing source, defaulting to GND
    Warning (12110): Net "reg_addr[15]" is missing source, defaulting to GND
    Warning (12110): Net "reg_addr[14]" is missing source, defaulting to GND
    Warning (12110): Net "reg_addr[13]" is missing source, defaulting to GND
    Warning (12110): Net "reg_addr[12]" is missing source, defaulting to GND
    Warning (12110): Net "reg_addr[11]" is missing source, defaulting to GND
    Warning (12110): Net "reg_addr[10]" is missing source, defaulting to GND
    Warning (12110): Net "reg_addr[9]" is missing source, defaulting to GND
    Warning (12110): Net "reg_addr[8]" is missing source, defaulting to GND
Warning (12011): Net is missing source, defaulting to GND
    Warning (12110): Net "reg_addr[15]" is missing source, defaulting to GND
    Warning (12110): Net "reg_addr[14]" is missing source, defaulting to GND
    Warning (12110): Net "reg_addr[13]" is missing source, defaulting to GND
    Warning (12110): Net "reg_addr[12]" is missing source, defaulting to GND
    Warning (12110): Net "reg_addr[11]" is missing source, defaulting to GND
    Warning (12110): Net "reg_addr[10]" is missing source, defaulting to GND
    Warning (12110): Net "reg_addr[9]" is missing source, defaulting to GND
    Warning (12110): Net "reg_addr[8]" is missing source, defaulting to GND
Warning (14025): LATCH primitive "counter:COUNTER_R7|r7[5]" is permanently disabled
Warning (14025): LATCH primitive "counter:COUNTER_R7|r7[6]" is permanently disabled
Warning (14025): LATCH primitive "counter:COUNTER_R7|r7[7]" is permanently disabled
Warning (14025): LATCH primitive "counter:COUNTER_R7|r7[8]" is permanently disabled
Warning (14025): LATCH primitive "counter:COUNTER_R7|r7[9]" is permanently disabled
Warning (14025): LATCH primitive "counter:COUNTER_R7|r7[10]" is permanently disabled
Warning (14025): LATCH primitive "counter:COUNTER_R7|r7[11]" is permanently disabled
Warning (14025): LATCH primitive "counter:COUNTER_R7|r7[12]" is permanently disabled
Warning (14025): LATCH primitive "counter:COUNTER_R7|r7[13]" is permanently disabled
Warning (14025): LATCH primitive "counter:COUNTER_R7|r7[14]" is permanently disabled
Warning (14025): LATCH primitive "counter:COUNTER_R7|r7[15]" is permanently disabled
Warning (12241): 2 hierarchies have connectivity warnings - see the Connectivity Checks report folder
Warning (13012): Latch mux:MUX|buswires[0] has unsafe behavior
    Warning (13013): Ports D and ENA on the latch are fed by the same signal fsm:Control_FSM|select[0]
Warning (13012): Latch mux:MUX|buswires[1] has unsafe behavior
    Warning (13013): Ports D and ENA on the latch are fed by the same signal fsm:Control_FSM|select[0]
Warning (13012): Latch mux:MUX|buswires[2] has unsafe behavior
    Warning (13013): Ports D and ENA on the latch are fed by the same signal fsm:Control_FSM|select[0]
Warning (13012): Latch mux:MUX|buswires[3] has unsafe behavior
    Warning (13013): Ports D and ENA on the latch are fed by the same signal fsm:Control_FSM|select[0]
Warning (13012): Latch mux:MUX|buswires[4] has unsafe behavior
    Warning (13013): Ports D and ENA on the latch are fed by the same signal fsm:Control_FSM|select[0]
Warning (13012): Latch mux:MUX|buswires[5] has unsafe behavior
    Warning (13013): Ports D and ENA on the latch are fed by the same signal fsm:Control_FSM|select[0]
Warning (13012): Latch mux:MUX|buswires[6] has unsafe behavior
    Warning (13013): Ports D and ENA on the latch are fed by the same signal fsm:Control_FSM|select[0]
Warning (13012): Latch mux:MUX|buswires[7] has unsafe behavior
    Warning (13013): Ports D and ENA on the latch are fed by the same signal fsm:Control_FSM|select[0]
Warning (13012): Latch mux:MUX|buswires[8] has unsafe behavior
    Warning (13013): Ports D and ENA on the latch are fed by the same signal fsm:Control_FSM|select[0]
Warning (13012): Latch mux:MUX|buswires[9] has unsafe behavior
    Warning (13013): Ports D and ENA on the latch are fed by the same signal fsm:Control_FSM|select[2]
Warning (13012): Latch mux:MUX|buswires[10] has unsafe behavior
    Warning (13013): Ports D and ENA on the latch are fed by the same signal fsm:Control_FSM|select[2]
Warning (13012): Latch mux:MUX|buswires[11] has unsafe behavior
    Warning (13013): Ports D and ENA on the latch are fed by the same signal fsm:Control_FSM|select[2]
Warning (13012): Latch mux:MUX|buswires[12] has unsafe behavior
    Warning (13013): Ports D and ENA on the latch are fed by the same signal fsm:Control_FSM|select[2]
Warning (13012): Latch mux:MUX|buswires[13] has unsafe behavior
    Warning (13013): Ports D and ENA on the latch are fed by the same signal fsm:Control_FSM|select[2]
Warning (13012): Latch mux:MUX|buswires[14] has unsafe behavior
    Warning (13013): Ports D and ENA on the latch are fed by the same signal fsm:Control_FSM|select[2]
Warning (13012): Latch mux:MUX|buswires[15] has unsafe behavior
    Warning (13013): Ports D and ENA on the latch are fed by the same signal fsm:Control_FSM|select[2]
Warning (13012): Latch alu:ALU|reg_alu[0] has unsafe behavior
    Warning (13013): Ports D and ENA on the latch are fed by the same signal fsm:Control_FSM|ula[1]
Warning (13012): Latch alu:ALU|reg_alu[1] has unsafe behavior
    Warning (13013): Ports D and ENA on the latch are fed by the same signal fsm:Control_FSM|ula[1]
Warning (13012): Latch alu:ALU|reg_alu[2] has unsafe behavior
    Warning (13013): Ports D and ENA on the latch are fed by the same signal fsm:Control_FSM|ula[1]
Warning (13012): Latch alu:ALU|reg_alu[3] has unsafe behavior
    Warning (13013): Ports D and ENA on the latch are fed by the same signal fsm:Control_FSM|ula[1]
Warning (13012): Latch alu:ALU|reg_alu[4] has unsafe behavior
    Warning (13013): Ports D and ENA on the latch are fed by the same signal fsm:Control_FSM|ula[1]
Warning (13012): Latch alu:ALU|reg_alu[5] has unsafe behavior
    Warning (13013): Ports D and ENA on the latch are fed by the same signal fsm:Control_FSM|ula[1]
Warning (13012): Latch alu:ALU|reg_alu[6] has unsafe behavior
    Warning (13013): Ports D and ENA on the latch are fed by the same signal fsm:Control_FSM|ula[1]
Warning (13012): Latch alu:ALU|reg_alu[7] has unsafe behavior
    Warning (13013): Ports D and ENA on the latch are fed by the same signal fsm:Control_FSM|ula[1]
Warning (13012): Latch alu:ALU|reg_alu[8] has unsafe behavior
    Warning (13013): Ports D and ENA on the latch are fed by the same signal fsm:Control_FSM|ula[1]
Warning (13012): Latch alu:ALU|reg_alu[9] has unsafe behavior
    Warning (13013): Ports D and ENA on the latch are fed by the same signal fsm:Control_FSM|ula[1]
Warning (13012): Latch alu:ALU|reg_alu[10] has unsafe behavior
    Warning (13013): Ports D and ENA on the latch are fed by the same signal fsm:Control_FSM|ula[1]
Warning (13012): Latch alu:ALU|reg_alu[11] has unsafe behavior
    Warning (13013): Ports D and ENA on the latch are fed by the same signal fsm:Control_FSM|ula[1]
Warning (13012): Latch alu:ALU|reg_alu[12] has unsafe behavior
    Warning (13013): Ports D and ENA on the latch are fed by the same signal fsm:Control_FSM|ula[1]
Warning (13012): Latch alu:ALU|reg_alu[13] has unsafe behavior
    Warning (13013): Ports D and ENA on the latch are fed by the same signal fsm:Control_FSM|ula[1]
Warning (13012): Latch alu:ALU|reg_alu[14] has unsafe behavior
    Warning (13013): Ports D and ENA on the latch are fed by the same signal fsm:Control_FSM|ula[1]
Warning (13012): Latch alu:ALU|reg_alu[15] has unsafe behavior
    Warning (13013): Ports D and ENA on the latch are fed by the same signal fsm:Control_FSM|ula[1]
Info (17049): 3 registers lost all their fanouts during netlist optimizations.
Info (144001): Generated suppressed messages file C:/Users/ryane/OneDrive/Documentos/quartus/praticaII/output_files/praticaII.map.smsg
Info (16010): Generating hard_block partition "hard_block:auto_generated_inst"
    Info (16011): Adding 0 node(s), including 0 DDIO, 0 PLL, 0 transceiver and 0 LCELL
Warning (21074): Design contains 1 input pin(s) that do not drive logic
    Warning (15610): No output dependent on input pin "resetn"
Info (21057): Implemented 581 device resources after synthesis - the final resource count might be different
    Info (21058): Implemented 3 input pins
    Info (21059): Implemented 65 output pins
    Info (21061): Implemented 481 logic cells
    Info (21064): Implemented 32 RAM segments
Info: Quartus II 64-Bit Analysis & Synthesis was successful. 0 errors, 145 warnings
    Info: Peak virtual memory: 4618 megabytes
    Info: Processing ended: Fri Oct 14 17:34:09 2022
    Info: Elapsed time: 00:00:12
    Info: Total CPU time (on all processors): 00:00:05


+------------------------------------------+
; Analysis & Synthesis Suppressed Messages ;
+------------------------------------------+
The suppressed messages can be found in C:/Users/ryane/OneDrive/Documentos/quartus/praticaII/output_files/praticaII.map.smsg.


